<?xml version="1.0" encoding="UTF-8"?>
<!-- Generated by org.testng.reporters.JUnitReportReporter -->
<testsuite hostname="IsdNur" failures="0" tests="2" name="com.TYSS1.DemoTestNG.AnnotaionsBasic" time="0.007" errors="0" timestamp="2024-04-08T13:33:28 IST" skipped="0">
  <testcase classname="com.TYSS1.DemoTestNG.AnnotaionsBasic" name="Onetest" time="0.005"/>
  <testcase classname="com.TYSS1.DemoTestNG.AnnotaionsBasic" name="Secondtest1" time="0.002"/>
</testsuite> <!-- com.TYSS1.DemoTestNG.AnnotaionsBasic -->
