<?xml version="1.0" encoding="UTF-8"?>
<!-- Generated by org.testng.reporters.JUnitReportReporter -->
<testsuite hostname="IsdNur" failures="0" tests="1" name="com.tyss.edbbank.customer.OpenAccount_EndtoEndtest" time="6.660" errors="0" timestamp="2024-04-15T13:32:38 IST" skipped="0">
  <testcase classname="com.tyss.edbbank.customer.OpenAccount_EndtoEndtest" name="openaccount" time="6.660">
    <system-out>
      <![CDATA[Execution start from here
openaccountExecuted Successfully]]>
    </system-out>
  </testcase> <!-- openaccount -->
  <system-out>
    <![CDATA[-- DB connected--
-- Browser Launched--
-- Banking Application Home Page Displayed--
Execution start from here
FundingAmountExecuted Successfully
-- Browser Launched--
-- Banking Application Home Page Displayed--
Execution start from here
Credit_statementtest Failed
-- Browser Launched--
-- Banking Application Home Page Displayed--
Execution start from here
openaccountExecuted Successfully]]>
  </system-out>
</testsuite> <!-- com.tyss.edbbank.customer.OpenAccount_EndtoEndtest -->
