<?xml version="1.0" encoding="UTF-8"?>
<!-- Generated by org.testng.reporters.JUnitReportReporter -->
<testsuite hostname="IsdNur" failures="0" tests="5" name="com.TYSS2.testngbatch.Demonstration" time="0.014" errors="0" timestamp="2024-04-10T12:12:33 IST" skipped="0">
  <testcase classname="com.TYSS2.testngbatch.Demonstration" name="demos1" time="0.008"/>
  <testcase classname="com.TYSS2.testngbatch.Demonstration" name="demos2" time="0.002"/>
  <testcase classname="com.TYSS2.testngbatch.Demonstration" name="demos3" time="0.001"/>
  <testcase classname="com.TYSS2.testngbatch.Demonstration" name="demos5" time="0.001"/>
  <testcase classname="com.TYSS2.testngbatch.Demonstration" name="demos4" time="0.002"/>
</testsuite> <!-- com.TYSS2.testngbatch.Demonstration -->
