<?xml version="1.0" encoding="UTF-8"?>
<!-- Generated by org.testng.reporters.JUnitReportReporter -->
<testsuite hostname="IsdNur" failures="0" tests="1" name="com.tyss.edbbank.customer.FundTransfertest" time="16.312" errors="0" timestamp="2024-04-15T14:50:39 IST" skipped="0">
  <testcase classname="com.tyss.edbbank.customer.FundTransfertest" name="FundingAmount" time="16.312">
    <system-out>
      <![CDATA[Execution start from here
FundingAmountExecuted Successfully]]>
    </system-out>
  </testcase> <!-- FundingAmount -->
  <system-out>
    <![CDATA[-- DB connected--
-- Browser Launched--
-- Browser Launched--
-- Browser Launched--
-- Banking Application Home Page Displayed--
Execution start from here
-- Banking Application Home Page Displayed--
Execution start from here
-- Banking Application Home Page Displayed--
Execution start from here
Credit_statementExecuted Successfully
FundingAmountExecuted Successfully
openaccountstest Failed]]>
  </system-out>
</testsuite> <!-- com.tyss.edbbank.customer.FundTransfertest -->
