<?xml version="1.0" encoding="UTF-8"?>
<!-- Generated by org.testng.reporters.JUnitReportReporter -->
<testsuite hostname="IsdNur" failures="0" tests="3" name="com.TYSS2.testngbatch.Demotest" time="0.003" errors="0" timestamp="2024-04-10T13:31:55 IST" skipped="0">
  <testcase classname="com.TYSS2.testngbatch.Demotest" name="Demotest3" time="0.001"/>
  <testcase classname="com.TYSS2.testngbatch.Demotest" name="Demotest1" time="0.001"/>
  <testcase classname="com.TYSS2.testngbatch.Demotest" name="Demotest2" time="0.001"/>
</testsuite> <!-- com.TYSS2.testngbatch.Demotest -->
