<?xml version="1.0" encoding="UTF-8"?>
<!-- Generated by org.testng.reporters.JUnitReportReporter -->
<testsuite hostname="IsdNur" failures="0" tests="1" name="com.tyss.edbbank.staff.CreditCustomer_Statementchecktest" time="7.396" errors="0" timestamp="2024-04-15T14:50:39 IST" skipped="0">
  <testcase classname="com.tyss.edbbank.staff.CreditCustomer_Statementchecktest" name="Credit_statement" time="7.396">
    <system-out>
      <![CDATA[Execution start from here
Credit_statementExecuted Successfully]]>
    </system-out>
  </testcase> <!-- Credit_statement -->
  <system-out>
    <![CDATA[-- DB connected--
-- Browser Launched--
-- Browser Launched--
-- Browser Launched--
-- Banking Application Home Page Displayed--
Execution start from here
-- Banking Application Home Page Displayed--
Execution start from here
-- Banking Application Home Page Displayed--
Execution start from here
Credit_statementExecuted Successfully
FundingAmountExecuted Successfully
openaccountstest Failed]]>
  </system-out>
</testsuite> <!-- com.tyss.edbbank.staff.CreditCustomer_Statementchecktest -->
