<?xml version="1.0" encoding="UTF-8"?>
<!-- Generated by org.testng.reporters.JUnitReportReporter -->
<testsuite hostname="IsdNur" failures="0" tests="1" name="com.TYSS1.DemoTestNG.DataImplementationClass" time="2.718" errors="0" timestamp="2024-04-08T10:32:11 IST" skipped="0">
  <testcase classname="com.TYSS1.DemoTestNG.DataImplementationClass" name="login" time="2.718"/>
  <system-out/>
</testsuite> <!-- com.TYSS1.DemoTestNG.DataImplementationClass -->
