<?xml version="1.0" encoding="UTF-8"?>
<!-- Generated by org.testng.reporters.JUnitReportReporter -->
<testsuite hostname="IsdNur" failures="0" tests="5" name="com.TYSS2.testngbatch.Testclass" time="0.379" errors="0" timestamp="2024-04-10T12:19:45 IST" skipped="0">
  <testcase classname="com.TYSS2.testngbatch.Testclass" name="test1" time="0.037"/>
  <testcase classname="com.TYSS2.testngbatch.Testclass" name="test5" time="0.035"/>
  <testcase classname="com.TYSS2.testngbatch.Testclass" name="test4" time="0.038"/>
  <testcase classname="com.TYSS2.testngbatch.Testclass" name="test3" time="0.232"/>
  <testcase classname="com.TYSS2.testngbatch.Testclass" name="test2" time="0.037"/>
  <system-out>
    <![CDATA[-- DB connected--
-- Browser Launched--
-- Banking Application Home Page Displayed--
-- Banking Application Home Page Displayed--
-- Banking Application Home Page Displayed--
-- Banking Application Home Page Displayed--
-- Banking Application Home Page Displayed--
-- Browser Launched--
-- Banking Application Home Page Displayed--
-- Banking Application Home Page Displayed--
-- Banking Application Home Page Displayed--
-- Banking Application Home Page Displayed--
-- Banking Application Home Page Displayed--]]>
  </system-out>
</testsuite> <!-- com.TYSS2.testngbatch.Testclass -->
