<?xml version="1.0" encoding="UTF-8"?>
<!-- Generated by org.testng.reporters.JUnitReportReporter -->
<testsuite hostname="IsdNur" failures="0" tests="5" name="com.TYSS2.testngbatch.Sample" time="0.009" errors="0" timestamp="2024-04-10T12:12:33 IST" skipped="0">
  <testcase classname="com.TYSS2.testngbatch.Sample" name="samples1" time="0.002"/>
  <testcase classname="com.TYSS2.testngbatch.Sample" name="samples4" time="0.001"/>
  <testcase classname="com.TYSS2.testngbatch.Sample" name="samples3" time="0.001"/>
  <testcase classname="com.TYSS2.testngbatch.Sample" name="samples2" time="0.003"/>
  <testcase classname="com.TYSS2.testngbatch.Sample" name="samples5" time="0.002"/>
</testsuite> <!-- com.TYSS2.testngbatch.Sample -->
