<?xml version="1.0" encoding="UTF-8"?>
<!-- Generated by org.testng.reporters.JUnitReportReporter -->
<testsuite hostname="IsdNur" failures="0" tests="5" name="com.TYSS1.DemoTestNG.DataPrint" time="0.010" errors="0" timestamp="2024-04-08T11:13:41 IST" skipped="0">
  <testcase classname="com.TYSS1.DemoTestNG.DataPrint" name="Spiders" time="0.005"/>
  <system-out/>
  <testcase classname="com.TYSS1.DemoTestNG.DataPrint" name="Spiders" time="0.002"/>
  <system-out/>
  <testcase classname="com.TYSS1.DemoTestNG.DataPrint" name="Spiders" time="0.001"/>
  <system-out/>
  <testcase classname="com.TYSS1.DemoTestNG.DataPrint" name="Spiders" time="0.001"/>
  <system-out/>
  <testcase classname="com.TYSS1.DemoTestNG.DataPrint" name="Spiders" time="0.001"/>
  <system-out/>
</testsuite> <!-- com.TYSS1.DemoTestNG.DataPrint -->
