<?xml version="1.0" encoding="UTF-8"?>
<!-- Generated by org.testng.reporters.JUnitReportReporter -->
<testsuite hostname="IsdNur" failures="0" tests="2" name="com.TYSS2.testngbatch.CrossBrowserTesting" time="24.159" errors="0" timestamp="2024-04-10T18:18:02 IST" skipped="0">
  <testcase classname="com.TYSS2.testngbatch.CrossBrowserTesting" name="FundingAmount" time="12.348"/>
  <testcase classname="com.TYSS2.testngbatch.CrossBrowserTesting" name="FundingAmount" time="11.811"/>
  <system-out>
    <![CDATA[-- DB connected--
-- Browser Launched--
-- Banking Application Home Page Displayed--
-- Browser Launched--
-- Banking Application Home Page Displayed--]]>
  </system-out>
</testsuite> <!-- com.TYSS2.testngbatch.CrossBrowserTesting -->
